\BOOKMARK [1][-]{section.1}{Specyfikacja}{}% 1
\BOOKMARK [2][-]{subsection.1.1}{Opis biznesowy}{section.1}% 2
\BOOKMARK [2][-]{subsection.1.2}{Wymagania funkcjonalne}{section.1}% 3
\BOOKMARK [2][-]{subsection.1.3}{Wymagania niefunkcjonalne}{section.1}% 4
\BOOKMARK [2][-]{subsection.1.4}{Harmonogram projektu}{section.1}% 5
\BOOKMARK [2][-]{subsection.1.5}{Architektura rozwiazania}{section.1}% 6
\BOOKMARK [1][-]{section.2}{Dokumentacja koncowa \(powykonawcza\)}{}% 7
\BOOKMARK [2][-]{subsection.2.1}{Wymagania systemowe}{section.2}% 8
\BOOKMARK [2][-]{subsection.2.2}{Biblioteki wraz z okresleniem licencji}{section.2}% 9
\BOOKMARK [2][-]{subsection.2.3}{Instrukcja instalacji}{section.2}% 10
\BOOKMARK [2][-]{subsection.2.4}{Instrukcja uruchomienia}{section.2}% 11
\BOOKMARK [2][-]{subsection.2.5}{Instrukcja uzycia}{section.2}% 12
\BOOKMARK [2][-]{subsection.2.6}{Instrukcja utrzymania}{section.2}% 13
\BOOKMARK [2][-]{subsection.2.7}{Raport odstepstw od specyfikacji wymagan}{section.2}% 14
\BOOKMARK [2][-]{subsection.2.8}{Dokumentacja us\233ug Web Services}{section.2}% 15
\BOOKMARK [1][-]{section.3}{Dokumentacja koncowa \(powykonawcza\) \205 punkty wymagane przez prowadzacego zajecia}{}% 16
\BOOKMARK [2][-]{subsection.3.1}{Pseudokod}{section.3}% 17
\BOOKMARK [2][-]{subsection.3.2}{Diagramy sekwencji}{section.3}% 18
\BOOKMARK [2][-]{subsection.3.3}{Model danych}{section.3}% 19
\BOOKMARK [2][-]{subsection.3.4}{Scenariusz test\363w akceptacyjnych}{section.3}% 20
\BOOKMARK [2][-]{subsection.3.5}{Raport z przeprowadzonych test\363w}{section.3}% 21
\BOOKMARK [1][-]{section.4}{Lista uzytych skr\363t\363w}{}% 22
\BOOKMARK [1][-]{section.5}{Bibliografia}{}% 23
